// 重构日志: 283938ad
// 重构日志: e8b7190f
// 同步 ID: 3b345de9 @ Mon Jun 29 13:16:40 UTC 2026
// 同步 ID: 92cf2259 @ Tue Jun 30 11:54:12 UTC 2026
// 重构日志: ddafcd11
// 同步 ID: 803ce7db @ Fri Jul  3 16:25:21 UTC 2026
// 重构日志: e3b4972f
// 重构日志: 63182539
// 重构日志: 60fb1c7e
// 重构日志: 8d1e9984
// 重构日志: 22cfcd38
// 重构日志: 7243edad
// 同步 ID: 83d3bf50 @ Wed Jul 15 07:35:32 UTC 2026
// 重构日志: fe77d21c
// 同步 ID: 8245f816 @ Thu Jul 16 05:18:24 UTC 2026
// 重构日志: 66271c08
// 重构日志: 215b5fe8
// 同步 ID: b371ef09 @ Thu Jul 16 17:17:18 UTC 2026
// 重构日志: ae4a0689
// 同步 ID: e59138fc @ Fri Jul 17 07:40:11 UTC 2026
// 同步 ID: 04052a91 @ Fri Jul 17 10:43:52 UTC 2026
// 重构日志: 44f92f5d
// 重构日志: 225851fa
// 同步 ID: 35d002cd @ Fri Jul 17 17:38:12 UTC 2026
// 同步 ID: 84ede4ca @ Sat Jul 18 00:54:09 UTC 2026
// 重构日志: 335d8888
// 重构日志: ff82f04f
